[2025-11-01 00:00:23,699][WARN ][cluster.routing.allocation.decider] [Chtylok] high disk watermark [90%] exceeded on [MMD9z2naT0CwRw8Ne962rw][Chtylok][/Users/macos/Documents/QualiCare_AI/MedQA/IR/elasticsearch-2.4.1/data/elasticsearch/nodes/0] free: 43.7gb[4.7%], shards will be relocated away from this node
[2025-11-01 00:00:53,737][WARN ][cluster.routing.allocation.decider] [Chtylok] high disk watermark [90%] exceeded on [MMD9z2naT0CwRw8Ne962rw][Chtylok][/Users/macos/Documents/QualiCare_AI/MedQA/IR/elasticsearch-2.4.1/data/elasticsearch/nodes/0] free: 43.7gb[4.7%], shards will be relocated away from this node
[2025-11-01 00:00:53,745][INFO ][cluster.routing.allocation.decider] [Chtylok] rerouting shards: [high disk watermark exceeded on one or more nodes]
[2025-11-01 00:01:23,793][WARN ][cluster.routing.allocation.decider] [Chtylok] high disk watermark [90%] exceeded on [MMD9z2naT0CwRw8Ne962rw][Chtylok][/Users/macos/Documents/QualiCare_AI/MedQA/IR/elasticsearch-2.4.1/data/elasticsearch/nodes/0] free: 43.7gb[4.7%], shards will be relocated away from this node
[2025-11-01 00:01:53,818][WARN ][cluster.routing.allocation.decider] [Chtylok] high disk watermark [90%] exceeded on [MMD9z2naT0CwRw8Ne962rw][Chtylok][/Users/macos/Documents/QualiCare_AI/MedQA/IR/elasticsearch-2.4.1/data/elasticsearch/nodes/0] free: 43.7gb[4.7%], shards will be relocated away from this node
[2025-11-01 00:01:53,819][INFO ][cluster.routing.allocation.decider] [Chtylok] rerouting shards: [high disk watermark exceeded on one or more nodes]
[2025-11-01 00:02:23,839][WARN ][cluster.routing.allocation.decider] [Chtylok] high disk watermark [90%] exceeded on [MMD9z2naT0CwRw8Ne962rw][Chtylok][/Users/macos/Documents/QualiCare_AI/MedQA/IR/elasticsearch-2.4.1/data/elasticsearch/nodes/0] free: 43.7gb[4.7%], shards will be relocated away from this node
[2025-11-01 00:02:53,857][WARN ][cluster.routing.allocation.decider] [Chtylok] high disk watermark [90%] exceeded on [MMD9z2naT0CwRw8Ne962rw][Chtylok][/Users/macos/Documents/QualiCare_AI/MedQA/IR/elasticsearch-2.4.1/data/elasticsearch/nodes/0] free: 43.7gb[4.7%], shards will be relocated away from this node
[2025-11-01 00:02:53,858][INFO ][cluster.routing.allocation.decider] [Chtylok] rerouting shards: [high disk watermark exceeded on one or more nodes]
[2025-11-01 00:03:23,890][WARN ][cluster.routing.allocation.decider] [Chtylok] high disk watermark [90%] exceeded on [MMD9z2naT0CwRw8Ne962rw][Chtylok][/Users/macos/Documents/QualiCare_AI/MedQA/IR/elasticsearch-2.4.1/data/elasticsearch/nodes/0] free: 43.7gb[4.7%], shards will be relocated away from this node
[2025-11-01 00:03:53,918][WARN ][cluster.routing.allocation.decider] [Chtylok] high disk watermark [90%] exceeded on [MMD9z2naT0CwRw8Ne962rw][Chtylok][/Users/macos/Documents/QualiCare_AI/MedQA/IR/elasticsearch-2.4.1/data/elasticsearch/nodes/0] free: 43.7gb[4.7%], shards will be relocated away from this node
[2025-11-01 00:03:53,919][INFO ][cluster.routing.allocation.decider] [Chtylok] rerouting shards: [high disk watermark exceeded on one or more nodes]
[2025-11-01 00:04:23,946][WARN ][cluster.routing.allocation.decider] [Chtylok] high disk watermark [90%] exceeded on [MMD9z2naT0CwRw8Ne962rw][Chtylok][/Users/macos/Documents/QualiCare_AI/MedQA/IR/elasticsearch-2.4.1/data/elasticsearch/nodes/0] free: 43.7gb[4.7%], shards will be relocated away from this node
[2025-11-01 00:04:53,975][WARN ][cluster.routing.allocation.decider] [Chtylok] high disk watermark [90%] exceeded on [MMD9z2naT0CwRw8Ne962rw][Chtylok][/Users/macos/Documents/QualiCare_AI/MedQA/IR/elasticsearch-2.4.1/data/elasticsearch/nodes/0] free: 43.7gb[4.7%], shards will be relocated away from this node
[2025-11-01 00:04:53,977][INFO ][cluster.routing.allocation.decider] [Chtylok] rerouting shards: [high disk watermark exceeded on one or more nodes]
[2025-11-01 00:05:23,997][WARN ][cluster.routing.allocation.decider] [Chtylok] high disk watermark [90%] exceeded on [MMD9z2naT0CwRw8Ne962rw][Chtylok][/Users/macos/Documents/QualiCare_AI/MedQA/IR/elasticsearch-2.4.1/data/elasticsearch/nodes/0] free: 43.7gb[4.7%], shards will be relocated away from this node
[2025-11-01 00:05:54,020][WARN ][cluster.routing.allocation.decider] [Chtylok] high disk watermark [90%] exceeded on [MMD9z2naT0CwRw8Ne962rw][Chtylok][/Users/macos/Documents/QualiCare_AI/MedQA/IR/elasticsearch-2.4.1/data/elasticsearch/nodes/0] free: 43.7gb[4.7%], shards will be relocated away from this node
[2025-11-01 00:05:54,021][INFO ][cluster.routing.allocation.decider] [Chtylok] rerouting shards: [high disk watermark exceeded on one or more nodes]
[2025-11-01 00:06:24,039][WARN ][cluster.routing.allocation.decider] [Chtylok] high disk watermark [90%] exceeded on [MMD9z2naT0CwRw8Ne962rw][Chtylok][/Users/macos/Documents/QualiCare_AI/MedQA/IR/elasticsearch-2.4.1/data/elasticsearch/nodes/0] free: 43.7gb[4.7%], shards will be relocated away from this node
[2025-11-01 00:06:54,055][WARN ][cluster.routing.allocation.decider] [Chtylok] high disk watermark [90%] exceeded on [MMD9z2naT0CwRw8Ne962rw][Chtylok][/Users/macos/Documents/QualiCare_AI/MedQA/IR/elasticsearch-2.4.1/data/elasticsearch/nodes/0] free: 43.7gb[4.7%], shards will be relocated away from this node
[2025-11-01 00:06:54,056][INFO ][cluster.routing.allocation.decider] [Chtylok] rerouting shards: [high disk watermark exceeded on one or more nodes]
[2025-11-01 00:07:24,073][WARN ][cluster.routing.allocation.decider] [Chtylok] high disk watermark [90%] exceeded on [MMD9z2naT0CwRw8Ne962rw][Chtylok][/Users/macos/Documents/QualiCare_AI/MedQA/IR/elasticsearch-2.4.1/data/elasticsearch/nodes/0] free: 43.7gb[4.7%], shards will be relocated away from this node
[2025-11-01 00:07:54,092][WARN ][cluster.routing.allocation.decider] [Chtylok] high disk watermark [90%] exceeded on [MMD9z2naT0CwRw8Ne962rw][Chtylok][/Users/macos/Documents/QualiCare_AI/MedQA/IR/elasticsearch-2.4.1/data/elasticsearch/nodes/0] free: 43.7gb[4.7%], shards will be relocated away from this node
[2025-11-01 00:07:54,093][INFO ][cluster.routing.allocation.decider] [Chtylok] rerouting shards: [high disk watermark exceeded on one or more nodes]
[2025-11-01 00:08:24,108][WARN ][cluster.routing.allocation.decider] [Chtylok] high disk watermark [90%] exceeded on [MMD9z2naT0CwRw8Ne962rw][Chtylok][/Users/macos/Documents/QualiCare_AI/MedQA/IR/elasticsearch-2.4.1/data/elasticsearch/nodes/0] free: 43.7gb[4.7%], shards will be relocated away from this node
[2025-11-01 00:08:54,128][WARN ][cluster.routing.allocation.decider] [Chtylok] high disk watermark [90%] exceeded on [MMD9z2naT0CwRw8Ne962rw][Chtylok][/Users/macos/Documents/QualiCare_AI/MedQA/IR/elasticsearch-2.4.1/data/elasticsearch/nodes/0] free: 43.7gb[4.7%], shards will be relocated away from this node
[2025-11-01 00:08:54,128][INFO ][cluster.routing.allocation.decider] [Chtylok] rerouting shards: [high disk watermark exceeded on one or more nodes]
[2025-11-01 00:09:24,148][WARN ][cluster.routing.allocation.decider] [Chtylok] high disk watermark [90%] exceeded on [MMD9z2naT0CwRw8Ne962rw][Chtylok][/Users/macos/Documents/QualiCare_AI/MedQA/IR/elasticsearch-2.4.1/data/elasticsearch/nodes/0] free: 43.7gb[4.7%], shards will be relocated away from this node
[2025-11-01 00:09:54,167][WARN ][cluster.routing.allocation.decider] [Chtylok] high disk watermark [90%] exceeded on [MMD9z2naT0CwRw8Ne962rw][Chtylok][/Users/macos/Documents/QualiCare_AI/MedQA/IR/elasticsearch-2.4.1/data/elasticsearch/nodes/0] free: 43.7gb[4.7%], shards will be relocated away from this node
[2025-11-01 00:09:54,169][INFO ][cluster.routing.allocation.decider] [Chtylok] rerouting shards: [high disk watermark exceeded on one or more nodes]
[2025-11-01 00:10:24,185][WARN ][cluster.routing.allocation.decider] [Chtylok] high disk watermark [90%] exceeded on [MMD9z2naT0CwRw8Ne962rw][Chtylok][/Users/macos/Documents/QualiCare_AI/MedQA/IR/elasticsearch-2.4.1/data/elasticsearch/nodes/0] free: 43.7gb[4.7%], shards will be relocated away from this node
[2025-11-01 00:10:54,214][WARN ][cluster.routing.allocation.decider] [Chtylok] high disk watermark [90%] exceeded on [MMD9z2naT0CwRw8Ne962rw][Chtylok][/Users/macos/Documents/QualiCare_AI/MedQA/IR/elasticsearch-2.4.1/data/elasticsearch/nodes/0] free: 43.7gb[4.7%], shards will be relocated away from this node
[2025-11-01 00:10:54,216][INFO ][cluster.routing.allocation.decider] [Chtylok] rerouting shards: [high disk watermark exceeded on one or more nodes]
[2025-11-01 00:11:24,243][WARN ][cluster.routing.allocation.decider] [Chtylok] high disk watermark [90%] exceeded on [MMD9z2naT0CwRw8Ne962rw][Chtylok][/Users/macos/Documents/QualiCare_AI/MedQA/IR/elasticsearch-2.4.1/data/elasticsearch/nodes/0] free: 43.7gb[4.7%], shards will be relocated away from this node
[2025-11-01 00:11:54,262][WARN ][cluster.routing.allocation.decider] [Chtylok] high disk watermark [90%] exceeded on [MMD9z2naT0CwRw8Ne962rw][Chtylok][/Users/macos/Documents/QualiCare_AI/MedQA/IR/elasticsearch-2.4.1/data/elasticsearch/nodes/0] free: 43.7gb[4.7%], shards will be relocated away from this node
[2025-11-01 00:11:54,263][INFO ][cluster.routing.allocation.decider] [Chtylok] rerouting shards: [high disk watermark exceeded on one or more nodes]
[2025-11-01 00:12:24,284][WARN ][cluster.routing.allocation.decider] [Chtylok] high disk watermark [90%] exceeded on [MMD9z2naT0CwRw8Ne962rw][Chtylok][/Users/macos/Documents/QualiCare_AI/MedQA/IR/elasticsearch-2.4.1/data/elasticsearch/nodes/0] free: 43.7gb[4.7%], shards will be relocated away from this node
[2025-11-01 00:12:54,302][WARN ][cluster.routing.allocation.decider] [Chtylok] high disk watermark [90%] exceeded on [MMD9z2naT0CwRw8Ne962rw][Chtylok][/Users/macos/Documents/QualiCare_AI/MedQA/IR/elasticsearch-2.4.1/data/elasticsearch/nodes/0] free: 43.7gb[4.7%], shards will be relocated away from this node
[2025-11-01 00:12:54,302][INFO ][cluster.routing.allocation.decider] [Chtylok] rerouting shards: [high disk watermark exceeded on one or more nodes]
[2025-11-01 00:13:24,336][WARN ][cluster.routing.allocation.decider] [Chtylok] high disk watermark [90%] exceeded on [MMD9z2naT0CwRw8Ne962rw][Chtylok][/Users/macos/Documents/QualiCare_AI/MedQA/IR/elasticsearch-2.4.1/data/elasticsearch/nodes/0] free: 43.7gb[4.7%], shards will be relocated away from this node
[2025-11-01 00:13:54,347][WARN ][cluster.routing.allocation.decider] [Chtylok] high disk watermark [90%] exceeded on [MMD9z2naT0CwRw8Ne962rw][Chtylok][/Users/macos/Documents/QualiCare_AI/MedQA/IR/elasticsearch-2.4.1/data/elasticsearch/nodes/0] free: 43.7gb[4.7%], shards will be relocated away from this node
[2025-11-01 00:13:54,348][INFO ][cluster.routing.allocation.decider] [Chtylok] rerouting shards: [high disk watermark exceeded on one or more nodes]
[2025-11-01 00:14:24,379][WARN ][cluster.routing.allocation.decider] [Chtylok] high disk watermark [90%] exceeded on [MMD9z2naT0CwRw8Ne962rw][Chtylok][/Users/macos/Documents/QualiCare_AI/MedQA/IR/elasticsearch-2.4.1/data/elasticsearch/nodes/0] free: 43.7gb[4.7%], shards will be relocated away from this node
[2025-11-01 00:14:54,405][WARN ][cluster.routing.allocation.decider] [Chtylok] high disk watermark [90%] exceeded on [MMD9z2naT0CwRw8Ne962rw][Chtylok][/Users/macos/Documents/QualiCare_AI/MedQA/IR/elasticsearch-2.4.1/data/elasticsearch/nodes/0] free: 43.7gb[4.7%], shards will be relocated away from this node
[2025-11-01 00:14:54,407][INFO ][cluster.routing.allocation.decider] [Chtylok] rerouting shards: [high disk watermark exceeded on one or more nodes]
[2025-11-01 00:15:24,442][WARN ][cluster.routing.allocation.decider] [Chtylok] high disk watermark [90%] exceeded on [MMD9z2naT0CwRw8Ne962rw][Chtylok][/Users/macos/Documents/QualiCare_AI/MedQA/IR/elasticsearch-2.4.1/data/elasticsearch/nodes/0] free: 43.7gb[4.7%], shards will be relocated away from this node
[2025-11-01 00:15:54,462][WARN ][cluster.routing.allocation.decider] [Chtylok] high disk watermark [90%] exceeded on [MMD9z2naT0CwRw8Ne962rw][Chtylok][/Users/macos/Documents/QualiCare_AI/MedQA/IR/elasticsearch-2.4.1/data/elasticsearch/nodes/0] free: 43.7gb[4.7%], shards will be relocated away from this node
[2025-11-01 00:15:54,463][INFO ][cluster.routing.allocation.decider] [Chtylok] rerouting shards: [high disk watermark exceeded on one or more nodes]
[2025-11-01 00:16:24,482][WARN ][cluster.routing.allocation.decider] [Chtylok] high disk watermark [90%] exceeded on [MMD9z2naT0CwRw8Ne962rw][Chtylok][/Users/macos/Documents/QualiCare_AI/MedQA/IR/elasticsearch-2.4.1/data/elasticsearch/nodes/0] free: 43.7gb[4.7%], shards will be relocated away from this node
[2025-11-01 00:16:54,498][WARN ][cluster.routing.allocation.decider] [Chtylok] high disk watermark [90%] exceeded on [MMD9z2naT0CwRw8Ne962rw][Chtylok][/Users/macos/Documents/QualiCare_AI/MedQA/IR/elasticsearch-2.4.1/data/elasticsearch/nodes/0] free: 43.7gb[4.7%], shards will be relocated away from this node
[2025-11-01 00:16:54,499][INFO ][cluster.routing.allocation.decider] [Chtylok] rerouting shards: [high disk watermark exceeded on one or more nodes]
[2025-11-01 00:17:24,531][WARN ][cluster.routing.allocation.decider] [Chtylok] high disk watermark [90%] exceeded on [MMD9z2naT0CwRw8Ne962rw][Chtylok][/Users/macos/Documents/QualiCare_AI/MedQA/IR/elasticsearch-2.4.1/data/elasticsearch/nodes/0] free: 43.7gb[4.7%], shards will be relocated away from this node
[2025-11-01 00:17:54,549][WARN ][cluster.routing.allocation.decider] [Chtylok] high disk watermark [90%] exceeded on [MMD9z2naT0CwRw8Ne962rw][Chtylok][/Users/macos/Documents/QualiCare_AI/MedQA/IR/elasticsearch-2.4.1/data/elasticsearch/nodes/0] free: 43.7gb[4.7%], shards will be relocated away from this node
[2025-11-01 00:17:54,550][INFO ][cluster.routing.allocation.decider] [Chtylok] rerouting shards: [high disk watermark exceeded on one or more nodes]
[2025-11-01 00:18:24,573][WARN ][cluster.routing.allocation.decider] [Chtylok] high disk watermark [90%] exceeded on [MMD9z2naT0CwRw8Ne962rw][Chtylok][/Users/macos/Documents/QualiCare_AI/MedQA/IR/elasticsearch-2.4.1/data/elasticsearch/nodes/0] free: 43.7gb[4.7%], shards will be relocated away from this node
[2025-11-01 00:47:24,485][WARN ][cluster.routing.allocation.decider] [Chtylok] high disk watermark [90%] exceeded on [MMD9z2naT0CwRw8Ne962rw][Chtylok][/Users/macos/Documents/QualiCare_AI/MedQA/IR/elasticsearch-2.4.1/data/elasticsearch/nodes/0] free: 43.7gb[4.7%], shards will be relocated away from this node
[2025-11-01 00:47:24,486][INFO ][cluster.routing.allocation.decider] [Chtylok] rerouting shards: [high disk watermark exceeded on one or more nodes]
[2025-11-01 02:11:51,074][WARN ][cluster.routing.allocation.decider] [Chtylok] high disk watermark [90%] exceeded on [MMD9z2naT0CwRw8Ne962rw][Chtylok][/Users/macos/Documents/QualiCare_AI/MedQA/IR/elasticsearch-2.4.1/data/elasticsearch/nodes/0] free: 43.7gb[4.7%], shards will be relocated away from this node
[2025-11-01 03:20:30,626][WARN ][cluster.routing.allocation.decider] [Chtylok] high disk watermark [90%] exceeded on [MMD9z2naT0CwRw8Ne962rw][Chtylok][/Users/macos/Documents/QualiCare_AI/MedQA/IR/elasticsearch-2.4.1/data/elasticsearch/nodes/0] free: 43.7gb[4.7%], shards will be relocated away from this node
[2025-11-01 03:20:30,629][INFO ][cluster.routing.allocation.decider] [Chtylok] rerouting shards: [high disk watermark exceeded on one or more nodes]
[2025-11-01 04:45:36,379][WARN ][cluster.routing.allocation.decider] [Chtylok] high disk watermark [90%] exceeded on [MMD9z2naT0CwRw8Ne962rw][Chtylok][/Users/macos/Documents/QualiCare_AI/MedQA/IR/elasticsearch-2.4.1/data/elasticsearch/nodes/0] free: 43.8gb[4.7%], shards will be relocated away from this node
[2025-11-01 06:23:35,474][WARN ][cluster.routing.allocation.decider] [Chtylok] high disk watermark [90%] exceeded on [MMD9z2naT0CwRw8Ne962rw][Chtylok][/Users/macos/Documents/QualiCare_AI/MedQA/IR/elasticsearch-2.4.1/data/elasticsearch/nodes/0] free: 43.8gb[4.7%], shards will be relocated away from this node
[2025-11-01 06:23:35,476][INFO ][cluster.routing.allocation.decider] [Chtylok] rerouting shards: [high disk watermark exceeded on one or more nodes]
[2025-11-01 07:43:55,924][WARN ][cluster.routing.allocation.decider] [Chtylok] high disk watermark [90%] exceeded on [MMD9z2naT0CwRw8Ne962rw][Chtylok][/Users/macos/Documents/QualiCare_AI/MedQA/IR/elasticsearch-2.4.1/data/elasticsearch/nodes/0] free: 43.8gb[4.7%], shards will be relocated away from this node
[2025-11-01 08:43:41,482][WARN ][cluster.routing.allocation.decider] [Chtylok] high disk watermark [90%] exceeded on [MMD9z2naT0CwRw8Ne962rw][Chtylok][/Users/macos/Documents/QualiCare_AI/MedQA/IR/elasticsearch-2.4.1/data/elasticsearch/nodes/0] free: 43.8gb[4.7%], shards will be relocated away from this node
[2025-11-01 08:43:41,484][INFO ][cluster.routing.allocation.decider] [Chtylok] rerouting shards: [high disk watermark exceeded on one or more nodes]
[2025-11-01 08:44:11,523][WARN ][cluster.routing.allocation.decider] [Chtylok] high disk watermark [90%] exceeded on [MMD9z2naT0CwRw8Ne962rw][Chtylok][/Users/macos/Documents/QualiCare_AI/MedQA/IR/elasticsearch-2.4.1/data/elasticsearch/nodes/0] free: 43.8gb[4.7%], shards will be relocated away from this node
[2025-11-01 08:44:41,553][WARN ][cluster.routing.allocation.decider] [Chtylok] high disk watermark [90%] exceeded on [MMD9z2naT0CwRw8Ne962rw][Chtylok][/Users/macos/Documents/QualiCare_AI/MedQA/IR/elasticsearch-2.4.1/data/elasticsearch/nodes/0] free: 43.8gb[4.7%], shards will be relocated away from this node
[2025-11-01 08:44:41,554][INFO ][cluster.routing.allocation.decider] [Chtylok] rerouting shards: [high disk watermark exceeded on one or more nodes]
[2025-11-01 08:45:11,580][WARN ][cluster.routing.allocation.decider] [Chtylok] high disk watermark [90%] exceeded on [MMD9z2naT0CwRw8Ne962rw][Chtylok][/Users/macos/Documents/QualiCare_AI/MedQA/IR/elasticsearch-2.4.1/data/elasticsearch/nodes/0] free: 43.8gb[4.7%], shards will be relocated away from this node
[2025-11-01 09:01:44,415][WARN ][cluster.routing.allocation.decider] [Chtylok] high disk watermark [90%] exceeded on [MMD9z2naT0CwRw8Ne962rw][Chtylok][/Users/macos/Documents/QualiCare_AI/MedQA/IR/elasticsearch-2.4.1/data/elasticsearch/nodes/0] free: 43.8gb[4.7%], shards will be relocated away from this node
[2025-11-01 09:01:44,417][INFO ][cluster.routing.allocation.decider] [Chtylok] rerouting shards: [high disk watermark exceeded on one or more nodes]
[2025-11-01 10:01:56,292][WARN ][cluster.routing.allocation.decider] [Chtylok] high disk watermark [90%] exceeded on [MMD9z2naT0CwRw8Ne962rw][Chtylok][/Users/macos/Documents/QualiCare_AI/MedQA/IR/elasticsearch-2.4.1/data/elasticsearch/nodes/0] free: 43.8gb[4.7%], shards will be relocated away from this node
[2025-11-01 11:14:32,552][WARN ][cluster.routing.allocation.decider] [Chtylok] high disk watermark [90%] exceeded on [MMD9z2naT0CwRw8Ne962rw][Chtylok][/Users/macos/Documents/QualiCare_AI/MedQA/IR/elasticsearch-2.4.1/data/elasticsearch/nodes/0] free: 44.8gb[4.8%], shards will be relocated away from this node
[2025-11-01 11:14:32,553][INFO ][cluster.routing.allocation.decider] [Chtylok] rerouting shards: [high disk watermark exceeded on one or more nodes]
[2025-11-01 12:15:38,480][WARN ][cluster.routing.allocation.decider] [Chtylok] high disk watermark [90%] exceeded on [MMD9z2naT0CwRw8Ne962rw][Chtylok][/Users/macos/Documents/QualiCare_AI/MedQA/IR/elasticsearch-2.4.1/data/elasticsearch/nodes/0] free: 44.8gb[4.8%], shards will be relocated away from this node
[2025-11-01 12:16:08,501][WARN ][cluster.routing.allocation.decider] [Chtylok] high disk watermark [90%] exceeded on [MMD9z2naT0CwRw8Ne962rw][Chtylok][/Users/macos/Documents/QualiCare_AI/MedQA/IR/elasticsearch-2.4.1/data/elasticsearch/nodes/0] free: 44.8gb[4.8%], shards will be relocated away from this node
[2025-11-01 12:16:08,502][INFO ][cluster.routing.allocation.decider] [Chtylok] rerouting shards: [high disk watermark exceeded on one or more nodes]
[2025-11-01 12:16:38,523][WARN ][cluster.routing.allocation.decider] [Chtylok] high disk watermark [90%] exceeded on [MMD9z2naT0CwRw8Ne962rw][Chtylok][/Users/macos/Documents/QualiCare_AI/MedQA/IR/elasticsearch-2.4.1/data/elasticsearch/nodes/0] free: 44.8gb[4.8%], shards will be relocated away from this node
[2025-11-01 12:49:43,406][WARN ][cluster.routing.allocation.decider] [Chtylok] high disk watermark [90%] exceeded on [MMD9z2naT0CwRw8Ne962rw][Chtylok][/Users/macos/Documents/QualiCare_AI/MedQA/IR/elasticsearch-2.4.1/data/elasticsearch/nodes/0] free: 44.8gb[4.8%], shards will be relocated away from this node
[2025-11-01 12:49:43,464][INFO ][cluster.routing.allocation.decider] [Chtylok] rerouting shards: [high disk watermark exceeded on one or more nodes]
[2025-11-01 14:06:42,502][WARN ][cluster.routing.allocation.decider] [Chtylok] high disk watermark [90%] exceeded on [MMD9z2naT0CwRw8Ne962rw][Chtylok][/Users/macos/Documents/QualiCare_AI/MedQA/IR/elasticsearch-2.4.1/data/elasticsearch/nodes/0] free: 44.8gb[4.8%], shards will be relocated away from this node
[2025-11-01 14:07:12,538][WARN ][cluster.routing.allocation.decider] [Chtylok] high disk watermark [90%] exceeded on [MMD9z2naT0CwRw8Ne962rw][Chtylok][/Users/macos/Documents/QualiCare_AI/MedQA/IR/elasticsearch-2.4.1/data/elasticsearch/nodes/0] free: 44.8gb[4.8%], shards will be relocated away from this node
[2025-11-01 14:07:12,539][INFO ][cluster.routing.allocation.decider] [Chtylok] rerouting shards: [high disk watermark exceeded on one or more nodes]
[2025-11-01 14:07:42,575][WARN ][cluster.routing.allocation.decider] [Chtylok] high disk watermark [90%] exceeded on [MMD9z2naT0CwRw8Ne962rw][Chtylok][/Users/macos/Documents/QualiCare_AI/MedQA/IR/elasticsearch-2.4.1/data/elasticsearch/nodes/0] free: 44.8gb[4.8%], shards will be relocated away from this node
[2025-11-01 14:08:12,594][WARN ][cluster.routing.allocation.decider] [Chtylok] high disk watermark [90%] exceeded on [MMD9z2naT0CwRw8Ne962rw][Chtylok][/Users/macos/Documents/QualiCare_AI/MedQA/IR/elasticsearch-2.4.1/data/elasticsearch/nodes/0] free: 44.8gb[4.8%], shards will be relocated away from this node
[2025-11-01 14:08:12,596][INFO ][cluster.routing.allocation.decider] [Chtylok] rerouting shards: [high disk watermark exceeded on one or more nodes]
[2025-11-01 14:08:42,631][WARN ][cluster.routing.allocation.decider] [Chtylok] high disk watermark [90%] exceeded on [MMD9z2naT0CwRw8Ne962rw][Chtylok][/Users/macos/Documents/QualiCare_AI/MedQA/IR/elasticsearch-2.4.1/data/elasticsearch/nodes/0] free: 44.8gb[4.8%], shards will be relocated away from this node
[2025-11-01 14:29:55,283][WARN ][cluster.routing.allocation.decider] [Chtylok] high disk watermark [90%] exceeded on [MMD9z2naT0CwRw8Ne962rw][Chtylok][/Users/macos/Documents/QualiCare_AI/MedQA/IR/elasticsearch-2.4.1/data/elasticsearch/nodes/0] free: 44.7gb[4.8%], shards will be relocated away from this node
[2025-11-01 14:29:55,286][INFO ][cluster.routing.allocation.decider] [Chtylok] rerouting shards: [high disk watermark exceeded on one or more nodes]
[2025-11-01 14:45:26,469][WARN ][cluster.routing.allocation.decider] [Chtylok] high disk watermark [90%] exceeded on [MMD9z2naT0CwRw8Ne962rw][Chtylok][/Users/macos/Documents/QualiCare_AI/MedQA/IR/elasticsearch-2.4.1/data/elasticsearch/nodes/0] free: 44.7gb[4.8%], shards will be relocated away from this node
[2025-11-01 15:02:01,760][WARN ][cluster.routing.allocation.decider] [Chtylok] high disk watermark [90%] exceeded on [MMD9z2naT0CwRw8Ne962rw][Chtylok][/Users/macos/Documents/QualiCare_AI/MedQA/IR/elasticsearch-2.4.1/data/elasticsearch/nodes/0] free: 44.8gb[4.8%], shards will be relocated away from this node
[2025-11-01 15:02:01,761][INFO ][cluster.routing.allocation.decider] [Chtylok] rerouting shards: [high disk watermark exceeded on one or more nodes]
[2025-11-01 15:06:23,276][WARN ][cluster.routing.allocation.decider] [Chtylok] high disk watermark [90%] exceeded on [MMD9z2naT0CwRw8Ne962rw][Chtylok][/Users/macos/Documents/QualiCare_AI/MedQA/IR/elasticsearch-2.4.1/data/elasticsearch/nodes/0] free: 43.8gb[4.7%], shards will be relocated away from this node
[2025-11-01 15:06:53,306][WARN ][cluster.routing.allocation.decider] [Chtylok] high disk watermark [90%] exceeded on [MMD9z2naT0CwRw8Ne962rw][Chtylok][/Users/macos/Documents/QualiCare_AI/MedQA/IR/elasticsearch-2.4.1/data/elasticsearch/nodes/0] free: 43.8gb[4.7%], shards will be relocated away from this node
[2025-11-01 15:06:53,307][INFO ][cluster.routing.allocation.decider] [Chtylok] rerouting shards: [high disk watermark exceeded on one or more nodes]
[2025-11-01 15:07:23,328][WARN ][cluster.routing.allocation.decider] [Chtylok] high disk watermark [90%] exceeded on [MMD9z2naT0CwRw8Ne962rw][Chtylok][/Users/macos/Documents/QualiCare_AI/MedQA/IR/elasticsearch-2.4.1/data/elasticsearch/nodes/0] free: 43.8gb[4.7%], shards will be relocated away from this node
[2025-11-01 15:07:53,343][WARN ][cluster.routing.allocation.decider] [Chtylok] high disk watermark [90%] exceeded on [MMD9z2naT0CwRw8Ne962rw][Chtylok][/Users/macos/Documents/QualiCare_AI/MedQA/IR/elasticsearch-2.4.1/data/elasticsearch/nodes/0] free: 43.8gb[4.7%], shards will be relocated away from this node
[2025-11-01 15:07:53,344][INFO ][cluster.routing.allocation.decider] [Chtylok] rerouting shards: [high disk watermark exceeded on one or more nodes]
[2025-11-01 15:08:23,368][WARN ][cluster.routing.allocation.decider] [Chtylok] high disk watermark [90%] exceeded on [MMD9z2naT0CwRw8Ne962rw][Chtylok][/Users/macos/Documents/QualiCare_AI/MedQA/IR/elasticsearch-2.4.1/data/elasticsearch/nodes/0] free: 43.8gb[4.7%], shards will be relocated away from this node
[2025-11-01 15:08:53,401][WARN ][cluster.routing.allocation.decider] [Chtylok] high disk watermark [90%] exceeded on [MMD9z2naT0CwRw8Ne962rw][Chtylok][/Users/macos/Documents/QualiCare_AI/MedQA/IR/elasticsearch-2.4.1/data/elasticsearch/nodes/0] free: 43.8gb[4.7%], shards will be relocated away from this node
[2025-11-01 15:08:53,406][INFO ][cluster.routing.allocation.decider] [Chtylok] rerouting shards: [high disk watermark exceeded on one or more nodes]
[2025-11-01 15:09:23,430][WARN ][cluster.routing.allocation.decider] [Chtylok] high disk watermark [90%] exceeded on [MMD9z2naT0CwRw8Ne962rw][Chtylok][/Users/macos/Documents/QualiCare_AI/MedQA/IR/elasticsearch-2.4.1/data/elasticsearch/nodes/0] free: 43.8gb[4.7%], shards will be relocated away from this node
[2025-11-01 15:09:53,449][WARN ][cluster.routing.allocation.decider] [Chtylok] high disk watermark [90%] exceeded on [MMD9z2naT0CwRw8Ne962rw][Chtylok][/Users/macos/Documents/QualiCare_AI/MedQA/IR/elasticsearch-2.4.1/data/elasticsearch/nodes/0] free: 43.8gb[4.7%], shards will be relocated away from this node
[2025-11-01 15:09:53,451][INFO ][cluster.routing.allocation.decider] [Chtylok] rerouting shards: [high disk watermark exceeded on one or more nodes]
[2025-11-01 15:10:23,468][WARN ][cluster.routing.allocation.decider] [Chtylok] high disk watermark [90%] exceeded on [MMD9z2naT0CwRw8Ne962rw][Chtylok][/Users/macos/Documents/QualiCare_AI/MedQA/IR/elasticsearch-2.4.1/data/elasticsearch/nodes/0] free: 43.8gb[4.7%], shards will be relocated away from this node
[2025-11-01 15:10:53,485][WARN ][cluster.routing.allocation.decider] [Chtylok] high disk watermark [90%] exceeded on [MMD9z2naT0CwRw8Ne962rw][Chtylok][/Users/macos/Documents/QualiCare_AI/MedQA/IR/elasticsearch-2.4.1/data/elasticsearch/nodes/0] free: 43.8gb[4.7%], shards will be relocated away from this node
[2025-11-01 15:10:53,486][INFO ][cluster.routing.allocation.decider] [Chtylok] rerouting shards: [high disk watermark exceeded on one or more nodes]
[2025-11-01 15:11:23,517][WARN ][cluster.routing.allocation.decider] [Chtylok] high disk watermark [90%] exceeded on [MMD9z2naT0CwRw8Ne962rw][Chtylok][/Users/macos/Documents/QualiCare_AI/MedQA/IR/elasticsearch-2.4.1/data/elasticsearch/nodes/0] free: 43.8gb[4.7%], shards will be relocated away from this node
[2025-11-01 15:11:53,534][WARN ][cluster.routing.allocation.decider] [Chtylok] high disk watermark [90%] exceeded on [MMD9z2naT0CwRw8Ne962rw][Chtylok][/Users/macos/Documents/QualiCare_AI/MedQA/IR/elasticsearch-2.4.1/data/elasticsearch/nodes/0] free: 45.8gb[4.9%], shards will be relocated away from this node
[2025-11-01 15:11:53,535][INFO ][cluster.routing.allocation.decider] [Chtylok] rerouting shards: [high disk watermark exceeded on one or more nodes]
[2025-11-01 15:12:23,544][WARN ][cluster.routing.allocation.decider] [Chtylok] high disk watermark [90%] exceeded on [MMD9z2naT0CwRw8Ne962rw][Chtylok][/Users/macos/Documents/QualiCare_AI/MedQA/IR/elasticsearch-2.4.1/data/elasticsearch/nodes/0] free: 45.9gb[4.9%], shards will be relocated away from this node
[2025-11-01 15:12:53,556][WARN ][cluster.routing.allocation.decider] [Chtylok] high disk watermark [90%] exceeded on [MMD9z2naT0CwRw8Ne962rw][Chtylok][/Users/macos/Documents/QualiCare_AI/MedQA/IR/elasticsearch-2.4.1/data/elasticsearch/nodes/0] free: 45.9gb[4.9%], shards will be relocated away from this node
[2025-11-01 15:12:53,556][INFO ][cluster.routing.allocation.decider] [Chtylok] rerouting shards: [high disk watermark exceeded on one or more nodes]
[2025-11-01 15:13:23,575][WARN ][cluster.routing.allocation.decider] [Chtylok] high disk watermark [90%] exceeded on [MMD9z2naT0CwRw8Ne962rw][Chtylok][/Users/macos/Documents/QualiCare_AI/MedQA/IR/elasticsearch-2.4.1/data/elasticsearch/nodes/0] free: 45.9gb[4.9%], shards will be relocated away from this node
[2025-11-01 15:13:53,588][WARN ][cluster.routing.allocation.decider] [Chtylok] high disk watermark [90%] exceeded on [MMD9z2naT0CwRw8Ne962rw][Chtylok][/Users/macos/Documents/QualiCare_AI/MedQA/IR/elasticsearch-2.4.1/data/elasticsearch/nodes/0] free: 45.9gb[4.9%], shards will be relocated away from this node
[2025-11-01 15:13:53,589][INFO ][cluster.routing.allocation.decider] [Chtylok] rerouting shards: [high disk watermark exceeded on one or more nodes]
[2025-11-01 15:14:23,606][WARN ][cluster.routing.allocation.decider] [Chtylok] high disk watermark [90%] exceeded on [MMD9z2naT0CwRw8Ne962rw][Chtylok][/Users/macos/Documents/QualiCare_AI/MedQA/IR/elasticsearch-2.4.1/data/elasticsearch/nodes/0] free: 45.9gb[4.9%], shards will be relocated away from this node
[2025-11-01 15:14:53,621][WARN ][cluster.routing.allocation.decider] [Chtylok] high disk watermark [90%] exceeded on [MMD9z2naT0CwRw8Ne962rw][Chtylok][/Users/macos/Documents/QualiCare_AI/MedQA/IR/elasticsearch-2.4.1/data/elasticsearch/nodes/0] free: 45.9gb[4.9%], shards will be relocated away from this node
[2025-11-01 15:14:53,621][INFO ][cluster.routing.allocation.decider] [Chtylok] rerouting shards: [high disk watermark exceeded on one or more nodes]
[2025-11-01 15:15:23,632][WARN ][cluster.routing.allocation.decider] [Chtylok] high disk watermark [90%] exceeded on [MMD9z2naT0CwRw8Ne962rw][Chtylok][/Users/macos/Documents/QualiCare_AI/MedQA/IR/elasticsearch-2.4.1/data/elasticsearch/nodes/0] free: 45.9gb[4.9%], shards will be relocated away from this node
[2025-11-01 15:15:53,642][WARN ][cluster.routing.allocation.decider] [Chtylok] high disk watermark [90%] exceeded on [MMD9z2naT0CwRw8Ne962rw][Chtylok][/Users/macos/Documents/QualiCare_AI/MedQA/IR/elasticsearch-2.4.1/data/elasticsearch/nodes/0] free: 45.9gb[4.9%], shards will be relocated away from this node
[2025-11-01 15:15:53,643][INFO ][cluster.routing.allocation.decider] [Chtylok] rerouting shards: [high disk watermark exceeded on one or more nodes]
[2025-11-01 15:16:23,660][WARN ][cluster.routing.allocation.decider] [Chtylok] high disk watermark [90%] exceeded on [MMD9z2naT0CwRw8Ne962rw][Chtylok][/Users/macos/Documents/QualiCare_AI/MedQA/IR/elasticsearch-2.4.1/data/elasticsearch/nodes/0] free: 45.9gb[4.9%], shards will be relocated away from this node
[2025-11-01 15:16:53,671][WARN ][cluster.routing.allocation.decider] [Chtylok] high disk watermark [90%] exceeded on [MMD9z2naT0CwRw8Ne962rw][Chtylok][/Users/macos/Documents/QualiCare_AI/MedQA/IR/elasticsearch-2.4.1/data/elasticsearch/nodes/0] free: 45.9gb[4.9%], shards will be relocated away from this node
[2025-11-01 15:16:53,672][INFO ][cluster.routing.allocation.decider] [Chtylok] rerouting shards: [high disk watermark exceeded on one or more nodes]
[2025-11-01 15:17:23,684][WARN ][cluster.routing.allocation.decider] [Chtylok] high disk watermark [90%] exceeded on [MMD9z2naT0CwRw8Ne962rw][Chtylok][/Users/macos/Documents/QualiCare_AI/MedQA/IR/elasticsearch-2.4.1/data/elasticsearch/nodes/0] free: 45.9gb[4.9%], shards will be relocated away from this node
[2025-11-01 15:17:53,699][WARN ][cluster.routing.allocation.decider] [Chtylok] high disk watermark [90%] exceeded on [MMD9z2naT0CwRw8Ne962rw][Chtylok][/Users/macos/Documents/QualiCare_AI/MedQA/IR/elasticsearch-2.4.1/data/elasticsearch/nodes/0] free: 45.9gb[4.9%], shards will be relocated away from this node
[2025-11-01 15:17:53,701][INFO ][cluster.routing.allocation.decider] [Chtylok] rerouting shards: [high disk watermark exceeded on one or more nodes]
[2025-11-01 15:18:23,721][WARN ][cluster.routing.allocation.decider] [Chtylok] high disk watermark [90%] exceeded on [MMD9z2naT0CwRw8Ne962rw][Chtylok][/Users/macos/Documents/QualiCare_AI/MedQA/IR/elasticsearch-2.4.1/data/elasticsearch/nodes/0] free: 45.9gb[4.9%], shards will be relocated away from this node
[2025-11-01 15:18:53,737][WARN ][cluster.routing.allocation.decider] [Chtylok] high disk watermark [90%] exceeded on [MMD9z2naT0CwRw8Ne962rw][Chtylok][/Users/macos/Documents/QualiCare_AI/MedQA/IR/elasticsearch-2.4.1/data/elasticsearch/nodes/0] free: 45.9gb[4.9%], shards will be relocated away from this node
[2025-11-01 15:18:53,739][INFO ][cluster.routing.allocation.decider] [Chtylok] rerouting shards: [high disk watermark exceeded on one or more nodes]
[2025-11-01 15:19:23,778][WARN ][cluster.routing.allocation.decider] [Chtylok] high disk watermark [90%] exceeded on [MMD9z2naT0CwRw8Ne962rw][Chtylok][/Users/macos/Documents/QualiCare_AI/MedQA/IR/elasticsearch-2.4.1/data/elasticsearch/nodes/0] free: 45.9gb[4.9%], shards will be relocated away from this node
[2025-11-01 15:19:53,788][WARN ][cluster.routing.allocation.decider] [Chtylok] high disk watermark [90%] exceeded on [MMD9z2naT0CwRw8Ne962rw][Chtylok][/Users/macos/Documents/QualiCare_AI/MedQA/IR/elasticsearch-2.4.1/data/elasticsearch/nodes/0] free: 45.9gb[4.9%], shards will be relocated away from this node
[2025-11-01 15:19:53,788][INFO ][cluster.routing.allocation.decider] [Chtylok] rerouting shards: [high disk watermark exceeded on one or more nodes]
[2025-11-01 15:20:23,813][WARN ][cluster.routing.allocation.decider] [Chtylok] high disk watermark [90%] exceeded on [MMD9z2naT0CwRw8Ne962rw][Chtylok][/Users/macos/Documents/QualiCare_AI/MedQA/IR/elasticsearch-2.4.1/data/elasticsearch/nodes/0] free: 45.9gb[4.9%], shards will be relocated away from this node
[2025-11-01 15:20:53,824][WARN ][cluster.routing.allocation.decider] [Chtylok] high disk watermark [90%] exceeded on [MMD9z2naT0CwRw8Ne962rw][Chtylok][/Users/macos/Documents/QualiCare_AI/MedQA/IR/elasticsearch-2.4.1/data/elasticsearch/nodes/0] free: 45.8gb[4.9%], shards will be relocated away from this node
[2025-11-01 15:20:53,824][INFO ][cluster.routing.allocation.decider] [Chtylok] rerouting shards: [high disk watermark exceeded on one or more nodes]
[2025-11-01 15:21:13,283][INFO ][node                     ] [Chtylok] stopping ...
[2025-11-01 15:21:13,500][INFO ][node                     ] [Chtylok] stopped
[2025-11-01 15:21:13,503][INFO ][node                     ] [Chtylok] closing ...
[2025-11-01 15:21:13,519][INFO ][node                     ] [Chtylok] closed
